{"C:\\Users\\janja\\New folder (2)\\PatientDataAPI\\app.js": {"path":"C:\\Users\\janja\\New folder (2)\\PatientDataAPI\\app.js","statementMap":{"0":{"start":{"line":1,"column":21},"end":{"line":1,"column":45}},"1":{"start":{"line":2,"column":18},"end":{"line":2,"column":47}},"2":{"start":{"line":3,"column":16},"end":{"line":3,"column":34}},"3":{"start":{"line":4,"column":15},"end":{"line":4,"column":32}},"4":{"start":{"line":5,"column":12},"end":{"line":5,"column":21}},"5":{"start":{"line":7,"column":0},"end":{"line":7,"column":16}},"6":{"start":{"line":8,"column":0},"end":{"line":8,"column":24}},"7":{"start":{"line":11,"column":23},"end":{"line":30,"column":1}},"8":{"start":{"line":32,"column":20},"end":{"line":32,"column":48}},"9":{"start":{"line":33,"column":0},"end":{"line":33,"column":68}},"10":{"start":{"line":36,"column":0},"end":{"line":36,"column":49}},"11":{"start":{"line":37,"column":0},"end":{"line":37,"column":56}},"12":{"start":{"line":39,"column":0},"end":{"line":39,"column":21}}},"fnMap":{},"branchMap":{"0":{"loc":{"start":{"line":25,"column":33},"end":{"line":25,"column":57}},"type":"binary-expr","locations":[{"start":{"line":25,"column":33},"end":{"line":25,"column":49}},{"start":{"line":25,"column":53},"end":{"line":25,"column":57}}],"line":25}},"s":{"0":3,"1":3,"2":3,"3":3,"4":3,"5":3,"6":3,"7":3,"8":3,"9":3,"10":3,"11":3,"12":3},"f":{},"b":{"0":[3,0]},"_coverageSchema":"1a1c01bbd47fc00a2c39e90264f33305004495a9","hash":"055521d14205b4171e7377d720bc1816c38d194c"}
,"C:\\Users\\janja\\New folder (2)\\PatientDataAPI\\models\\Patient.js": {"path":"C:\\Users\\janja\\New folder (2)\\PatientDataAPI\\models\\Patient.js","statementMap":{"0":{"start":{"line":1,"column":17},"end":{"line":1,"column":36}},"1":{"start":{"line":3,"column":22},"end":{"line":25,"column":2}},"2":{"start":{"line":27,"column":0},"end":{"line":27,"column":58}}},"fnMap":{},"branchMap":{},"s":{"0":3,"1":3,"2":3},"f":{},"b":{},"_coverageSchema":"1a1c01bbd47fc00a2c39e90264f33305004495a9","hash":"38c1ea7a25f95d9a7a89c5669e3c6f524c89620a"}
,"C:\\Users\\janja\\New folder (2)\\PatientDataAPI\\routes\\authRoutes.js": {"path":"C:\\Users\\janja\\New folder (2)\\PatientDataAPI\\routes\\authRoutes.js","statementMap":{"0":{"start":{"line":1,"column":16},"end":{"line":1,"column":34}},"1":{"start":{"line":2,"column":15},"end":{"line":2,"column":31}},"2":{"start":{"line":27,"column":0},"end":{"line":29,"column":3}},"3":{"start":{"line":28,"column":2},"end":{"line":28,"column":68}},"4":{"start":{"line":38,"column":0},"end":{"line":40,"column":3}},"5":{"start":{"line":39,"column":2},"end":{"line":39,"column":67}},"6":{"start":{"line":49,"column":0},"end":{"line":51,"column":3}},"7":{"start":{"line":50,"column":2},"end":{"line":50,"column":64}},"8":{"start":{"line":53,"column":0},"end":{"line":53,"column":24}}},"fnMap":{"0":{"name":"(anonymous_0)","decl":{"start":{"line":27,"column":23},"end":{"line":27,"column":24}},"loc":{"start":{"line":27,"column":37},"end":{"line":29,"column":1}},"line":27},"1":{"name":"(anonymous_1)","decl":{"start":{"line":38,"column":22},"end":{"line":38,"column":23}},"loc":{"start":{"line":38,"column":36},"end":{"line":40,"column":1}},"line":38},"2":{"name":"(anonymous_2)","decl":{"start":{"line":49,"column":32},"end":{"line":49,"column":33}},"loc":{"start":{"line":49,"column":46},"end":{"line":51,"column":1}},"line":49}},"branchMap":{},"s":{"0":3,"1":3,"2":3,"3":1,"4":3,"5":1,"6":3,"7":1,"8":3},"f":{"0":1,"1":1,"2":1},"b":{},"_coverageSchema":"1a1c01bbd47fc00a2c39e90264f33305004495a9","hash":"c0e0411dd9f4391a0e7569cc042f2dc420799d87"}
,"C:\\Users\\janja\\New folder (2)\\PatientDataAPI\\routes\\patientRoutes.js": {"path":"C:\\Users\\janja\\New folder (2)\\PatientDataAPI\\routes\\patientRoutes.js","statementMap":{"0":{"start":{"line":1,"column":16},"end":{"line":1,"column":34}},"1":{"start":{"line":2,"column":16},"end":{"line":2,"column":44}},"2":{"start":{"line":3,"column":15},"end":{"line":3,"column":31}},"3":{"start":{"line":11,"column":0},"end":{"line":22,"column":3}},"4":{"start":{"line":12,"column":2},"end":{"line":21,"column":3}},"5":{"start":{"line":13,"column":25},"end":{"line":13,"column":55}},"6":{"start":{"line":14,"column":22},"end":{"line":14,"column":38}},"7":{"start":{"line":16,"column":23},"end":{"line":16,"column":62}},"8":{"start":{"line":17,"column":4},"end":{"line":17,"column":28}},"9":{"start":{"line":18,"column":4},"end":{"line":18,"column":89}},"10":{"start":{"line":20,"column":4},"end":{"line":20,"column":84}},"11":{"start":{"line":25,"column":0},"end":{"line":32,"column":3}},"12":{"start":{"line":26,"column":2},"end":{"line":31,"column":3}},"13":{"start":{"line":27,"column":21},"end":{"line":27,"column":41}},"14":{"start":{"line":28,"column":4},"end":{"line":28,"column":35}},"15":{"start":{"line":30,"column":4},"end":{"line":30,"column":87}},"16":{"start":{"line":35,"column":0},"end":{"line":44,"column":3}},"17":{"start":{"line":36,"column":2},"end":{"line":43,"column":3}},"18":{"start":{"line":37,"column":20},"end":{"line":37,"column":78}},"19":{"start":{"line":38,"column":4},"end":{"line":38,"column":80}},"20":{"start":{"line":38,"column":18},"end":{"line":38,"column":80}},"21":{"start":{"line":40,"column":4},"end":{"line":40,"column":34}},"22":{"start":{"line":42,"column":4},"end":{"line":42,"column":86}},"23":{"start":{"line":47,"column":0},"end":{"line":60,"column":3}},"24":{"start":{"line":48,"column":2},"end":{"line":59,"column":3}},"25":{"start":{"line":49,"column":27},"end":{"line":53,"column":5}},"26":{"start":{"line":54,"column":4},"end":{"line":54,"column":87}},"27":{"start":{"line":54,"column":25},"end":{"line":54,"column":87}},"28":{"start":{"line":56,"column":4},"end":{"line":56,"column":95}},"29":{"start":{"line":58,"column":4},"end":{"line":58,"column":86}},"30":{"start":{"line":63,"column":0},"end":{"line":72,"column":3}},"31":{"start":{"line":64,"column":2},"end":{"line":71,"column":3}},"32":{"start":{"line":65,"column":27},"end":{"line":65,"column":94}},"33":{"start":{"line":66,"column":4},"end":{"line":66,"column":87}},"34":{"start":{"line":66,"column":25},"end":{"line":66,"column":87}},"35":{"start":{"line":68,"column":4},"end":{"line":68,"column":70}},"36":{"start":{"line":70,"column":4},"end":{"line":70,"column":86}},"37":{"start":{"line":74,"column":0},"end":{"line":74,"column":24}}},"fnMap":{"0":{"name":"(anonymous_0)","decl":{"start":{"line":11,"column":17},"end":{"line":11,"column":18}},"loc":{"start":{"line":11,"column":37},"end":{"line":22,"column":1}},"line":11},"1":{"name":"(anonymous_1)","decl":{"start":{"line":25,"column":16},"end":{"line":25,"column":17}},"loc":{"start":{"line":25,"column":36},"end":{"line":32,"column":1}},"line":25},"2":{"name":"(anonymous_2)","decl":{"start":{"line":35,"column":26},"end":{"line":35,"column":27}},"loc":{"start":{"line":35,"column":46},"end":{"line":44,"column":1}},"line":35},"3":{"name":"(anonymous_3)","decl":{"start":{"line":47,"column":26},"end":{"line":47,"column":27}},"loc":{"start":{"line":47,"column":46},"end":{"line":60,"column":1}},"line":47},"4":{"name":"(anonymous_4)","decl":{"start":{"line":63,"column":29},"end":{"line":63,"column":30}},"loc":{"start":{"line":63,"column":49},"end":{"line":72,"column":1}},"line":63}},"branchMap":{"0":{"loc":{"start":{"line":38,"column":4},"end":{"line":38,"column":80}},"type":"if","locations":[{"start":{"line":38,"column":4},"end":{"line":38,"column":80}},{"start":{},"end":{}}],"line":38},"1":{"loc":{"start":{"line":54,"column":4},"end":{"line":54,"column":87}},"type":"if","locations":[{"start":{"line":54,"column":4},"end":{"line":54,"column":87}},{"start":{},"end":{}}],"line":54},"2":{"loc":{"start":{"line":66,"column":4},"end":{"line":66,"column":87}},"type":"if","locations":[{"start":{"line":66,"column":4},"end":{"line":66,"column":87}},{"start":{},"end":{}}],"line":66}},"s":{"0":3,"1":3,"2":3,"3":3,"4":2,"5":2,"6":2,"7":2,"8":2,"9":2,"10":0,"11":3,"12":1,"13":1,"14":1,"15":0,"16":3,"17":1,"18":1,"19":1,"20":0,"21":1,"22":0,"23":3,"24":1,"25":1,"26":1,"27":0,"28":1,"29":0,"30":3,"31":1,"32":1,"33":1,"34":0,"35":1,"36":0,"37":3},"f":{"0":2,"1":1,"2":1,"3":1,"4":1},"b":{"0":[0,1],"1":[0,1],"2":[0,1]},"_coverageSchema":"1a1c01bbd47fc00a2c39e90264f33305004495a9","hash":"bcdf9283bb520f50f6993312cd89457c59e9e3ca"}
}
