{"C:\\Users\\janja\\New folder (2)\\PatientDataAPI\\app.js": {"path":"C:\\Users\\janja\\New folder (2)\\PatientDataAPI\\app.js","statementMap":{"0":{"start":{"line":1,"column":21},"end":{"line":1,"column":45}},"1":{"start":{"line":2,"column":18},"end":{"line":2,"column":47}},"2":{"start":{"line":3,"column":16},"end":{"line":3,"column":34}},"3":{"start":{"line":4,"column":15},"end":{"line":4,"column":32}},"4":{"start":{"line":5,"column":12},"end":{"line":5,"column":21}},"5":{"start":{"line":7,"column":0},"end":{"line":7,"column":16}},"6":{"start":{"line":8,"column":0},"end":{"line":8,"column":24}},"7":{"start":{"line":11,"column":23},"end":{"line":30,"column":1}},"8":{"start":{"line":32,"column":20},"end":{"line":32,"column":48}},"9":{"start":{"line":33,"column":0},"end":{"line":33,"column":68}},"10":{"start":{"line":36,"column":0},"end":{"line":36,"column":49}},"11":{"start":{"line":37,"column":0},"end":{"line":37,"column":56}},"12":{"start":{"line":39,"column":0},"end":{"line":39,"column":21}}},"fnMap":{},"branchMap":{"0":{"loc":{"start":{"line":25,"column":33},"end":{"line":25,"column":57}},"type":"binary-expr","locations":[{"start":{"line":25,"column":33},"end":{"line":25,"column":49}},{"start":{"line":25,"column":53},"end":{"line":25,"column":57}}],"line":25}},"s":{"0":3,"1":3,"2":3,"3":3,"4":3,"5":3,"6":3,"7":3,"8":3,"9":3,"10":3,"11":3,"12":3},"f":{},"b":{"0":[3,0]},"_coverageSchema":"1a1c01bbd47fc00a2c39e90264f33305004495a9","hash":"055521d14205b4171e7377d720bc1816c38d194c"}
,"C:\\Users\\janja\\New folder (2)\\PatientDataAPI\\models\\Patient.js": {"path":"C:\\Users\\janja\\New folder (2)\\PatientDataAPI\\models\\Patient.js","statementMap":{"0":{"start":{"line":1,"column":17},"end":{"line":1,"column":36}},"1":{"start":{"line":3,"column":22},"end":{"line":16,"column":2}},"2":{"start":{"line":18,"column":0},"end":{"line":18,"column":58}}},"fnMap":{},"branchMap":{},"s":{"0":3,"1":3,"2":3},"f":{},"b":{},"_coverageSchema":"1a1c01bbd47fc00a2c39e90264f33305004495a9","hash":"8d98ad02b29a697acc502f08d8ee84e33ecd3057"}
,"C:\\Users\\janja\\New folder (2)\\PatientDataAPI\\routes\\authRoutes.js": {"path":"C:\\Users\\janja\\New folder (2)\\PatientDataAPI\\routes\\authRoutes.js","statementMap":{"0":{"start":{"line":1,"column":16},"end":{"line":1,"column":34}},"1":{"start":{"line":2,"column":15},"end":{"line":2,"column":31}},"2":{"start":{"line":27,"column":0},"end":{"line":29,"column":3}},"3":{"start":{"line":28,"column":2},"end":{"line":28,"column":68}},"4":{"start":{"line":38,"column":0},"end":{"line":40,"column":3}},"5":{"start":{"line":39,"column":2},"end":{"line":39,"column":67}},"6":{"start":{"line":49,"column":0},"end":{"line":51,"column":3}},"7":{"start":{"line":50,"column":2},"end":{"line":50,"column":64}},"8":{"start":{"line":53,"column":0},"end":{"line":53,"column":24}}},"fnMap":{"0":{"name":"(anonymous_0)","decl":{"start":{"line":27,"column":23},"end":{"line":27,"column":24}},"loc":{"start":{"line":27,"column":37},"end":{"line":29,"column":1}},"line":27},"1":{"name":"(anonymous_1)","decl":{"start":{"line":38,"column":22},"end":{"line":38,"column":23}},"loc":{"start":{"line":38,"column":36},"end":{"line":40,"column":1}},"line":38},"2":{"name":"(anonymous_2)","decl":{"start":{"line":49,"column":32},"end":{"line":49,"column":33}},"loc":{"start":{"line":49,"column":46},"end":{"line":51,"column":1}},"line":49}},"branchMap":{},"s":{"0":3,"1":3,"2":3,"3":1,"4":3,"5":1,"6":3,"7":1,"8":3},"f":{"0":1,"1":1,"2":1},"b":{},"_coverageSchema":"1a1c01bbd47fc00a2c39e90264f33305004495a9","hash":"c0e0411dd9f4391a0e7569cc042f2dc420799d87"}
,"C:\\Users\\janja\\New folder (2)\\PatientDataAPI\\routes\\patientRoutes.js": {"path":"C:\\Users\\janja\\New folder (2)\\PatientDataAPI\\routes\\patientRoutes.js","statementMap":{"0":{"start":{"line":1,"column":16},"end":{"line":1,"column":34}},"1":{"start":{"line":2,"column":16},"end":{"line":2,"column":44}},"2":{"start":{"line":3,"column":15},"end":{"line":3,"column":31}},"3":{"start":{"line":69,"column":0},"end":{"line":80,"column":3}},"4":{"start":{"line":70,"column":2},"end":{"line":79,"column":3}},"5":{"start":{"line":71,"column":25},"end":{"line":71,"column":55}},"6":{"start":{"line":72,"column":22},"end":{"line":72,"column":38}},"7":{"start":{"line":74,"column":23},"end":{"line":74,"column":62}},"8":{"start":{"line":75,"column":4},"end":{"line":75,"column":28}},"9":{"start":{"line":76,"column":4},"end":{"line":76,"column":89}},"10":{"start":{"line":78,"column":4},"end":{"line":78,"column":84}},"11":{"start":{"line":100,"column":0},"end":{"line":119,"column":3}},"12":{"start":{"line":101,"column":2},"end":{"line":118,"column":3}},"13":{"start":{"line":103,"column":43},"end":{"line":103,"column":51}},"14":{"start":{"line":104,"column":4},"end":{"line":106,"column":5}},"15":{"start":{"line":105,"column":6},"end":{"line":105,"column":102}},"16":{"start":{"line":109,"column":25},"end":{"line":109,"column":55}},"17":{"start":{"line":110,"column":22},"end":{"line":110,"column":38}},"18":{"start":{"line":112,"column":23},"end":{"line":112,"column":62}},"19":{"start":{"line":113,"column":4},"end":{"line":113,"column":28}},"20":{"start":{"line":114,"column":4},"end":{"line":114,"column":89}},"21":{"start":{"line":116,"column":4},"end":{"line":116,"column":58}},"22":{"start":{"line":117,"column":4},"end":{"line":117,"column":84}},"23":{"start":{"line":123,"column":0},"end":{"line":131,"column":3}},"24":{"start":{"line":124,"column":2},"end":{"line":130,"column":3}},"25":{"start":{"line":125,"column":21},"end":{"line":125,"column":41}},"26":{"start":{"line":126,"column":4},"end":{"line":126,"column":35}},"27":{"start":{"line":128,"column":4},"end":{"line":128,"column":60}},"28":{"start":{"line":129,"column":4},"end":{"line":129,"column":87}},"29":{"start":{"line":160,"column":0},"end":{"line":169,"column":3}},"30":{"start":{"line":161,"column":2},"end":{"line":168,"column":3}},"31":{"start":{"line":162,"column":20},"end":{"line":162,"column":78}},"32":{"start":{"line":163,"column":4},"end":{"line":163,"column":80}},"33":{"start":{"line":163,"column":18},"end":{"line":163,"column":80}},"34":{"start":{"line":165,"column":4},"end":{"line":165,"column":34}},"35":{"start":{"line":167,"column":4},"end":{"line":167,"column":86}},"36":{"start":{"line":198,"column":0},"end":{"line":211,"column":3}},"37":{"start":{"line":199,"column":2},"end":{"line":210,"column":3}},"38":{"start":{"line":200,"column":27},"end":{"line":204,"column":5}},"39":{"start":{"line":205,"column":4},"end":{"line":205,"column":87}},"40":{"start":{"line":205,"column":25},"end":{"line":205,"column":87}},"41":{"start":{"line":207,"column":4},"end":{"line":207,"column":95}},"42":{"start":{"line":209,"column":4},"end":{"line":209,"column":86}},"43":{"start":{"line":234,"column":0},"end":{"line":243,"column":3}},"44":{"start":{"line":235,"column":2},"end":{"line":242,"column":3}},"45":{"start":{"line":236,"column":27},"end":{"line":236,"column":94}},"46":{"start":{"line":237,"column":4},"end":{"line":237,"column":87}},"47":{"start":{"line":237,"column":25},"end":{"line":237,"column":87}},"48":{"start":{"line":239,"column":4},"end":{"line":239,"column":70}},"49":{"start":{"line":241,"column":4},"end":{"line":241,"column":86}},"50":{"start":{"line":245,"column":0},"end":{"line":245,"column":24}}},"fnMap":{"0":{"name":"(anonymous_0)","decl":{"start":{"line":69,"column":17},"end":{"line":69,"column":18}},"loc":{"start":{"line":69,"column":37},"end":{"line":80,"column":1}},"line":69},"1":{"name":"(anonymous_1)","decl":{"start":{"line":100,"column":17},"end":{"line":100,"column":18}},"loc":{"start":{"line":100,"column":37},"end":{"line":119,"column":1}},"line":100},"2":{"name":"(anonymous_2)","decl":{"start":{"line":123,"column":16},"end":{"line":123,"column":17}},"loc":{"start":{"line":123,"column":36},"end":{"line":131,"column":1}},"line":123},"3":{"name":"(anonymous_3)","decl":{"start":{"line":160,"column":26},"end":{"line":160,"column":27}},"loc":{"start":{"line":160,"column":46},"end":{"line":169,"column":1}},"line":160},"4":{"name":"(anonymous_4)","decl":{"start":{"line":198,"column":26},"end":{"line":198,"column":27}},"loc":{"start":{"line":198,"column":46},"end":{"line":211,"column":1}},"line":198},"5":{"name":"(anonymous_5)","decl":{"start":{"line":234,"column":29},"end":{"line":234,"column":30}},"loc":{"start":{"line":234,"column":49},"end":{"line":243,"column":1}},"line":234}},"branchMap":{"0":{"loc":{"start":{"line":104,"column":4},"end":{"line":106,"column":5}},"type":"if","locations":[{"start":{"line":104,"column":4},"end":{"line":106,"column":5}},{"start":{},"end":{}}],"line":104},"1":{"loc":{"start":{"line":104,"column":8},"end":{"line":104,"column":44}},"type":"binary-expr","locations":[{"start":{"line":104,"column":8},"end":{"line":104,"column":13}},{"start":{"line":104,"column":17},"end":{"line":104,"column":21}},{"start":{"line":104,"column":25},"end":{"line":104,"column":32}},{"start":{"line":104,"column":36},"end":{"line":104,"column":44}}],"line":104},"2":{"loc":{"start":{"line":163,"column":4},"end":{"line":163,"column":80}},"type":"if","locations":[{"start":{"line":163,"column":4},"end":{"line":163,"column":80}},{"start":{},"end":{}}],"line":163},"3":{"loc":{"start":{"line":205,"column":4},"end":{"line":205,"column":87}},"type":"if","locations":[{"start":{"line":205,"column":4},"end":{"line":205,"column":87}},{"start":{},"end":{}}],"line":205},"4":{"loc":{"start":{"line":237,"column":4},"end":{"line":237,"column":87}},"type":"if","locations":[{"start":{"line":237,"column":4},"end":{"line":237,"column":87}},{"start":{},"end":{}}],"line":237}},"s":{"0":3,"1":3,"2":3,"3":3,"4":2,"5":2,"6":2,"7":2,"8":2,"9":2,"10":0,"11":3,"12":0,"13":0,"14":0,"15":0,"16":0,"17":0,"18":0,"19":0,"20":0,"21":0,"22":0,"23":3,"24":1,"25":1,"26":1,"27":0,"28":0,"29":3,"30":1,"31":1,"32":1,"33":0,"34":1,"35":0,"36":3,"37":1,"38":1,"39":1,"40":0,"41":1,"42":0,"43":3,"44":1,"45":1,"46":1,"47":0,"48":1,"49":0,"50":3},"f":{"0":2,"1":0,"2":1,"3":1,"4":1,"5":1},"b":{"0":[0,0],"1":[0,0,0,0],"2":[0,1],"3":[0,1],"4":[0,1]},"_coverageSchema":"1a1c01bbd47fc00a2c39e90264f33305004495a9","hash":"83240f18ca512a3dd6dbabbc74ff62e7fdc64521"}
}
