TN:
SF:app.js
FNF:0
FNH:0
DA:1,3
DA:2,3
DA:3,3
DA:4,3
DA:5,3
DA:7,3
DA:8,3
DA:11,3
DA:32,3
DA:33,3
DA:36,3
DA:37,3
DA:39,3
LF:13
LH:13
BRDA:25,0,0,3
BRDA:25,0,1,0
BRF:2
BRH:1
end_of_record
TN:
SF:models\Patient.js
FNF:0
FNH:0
DA:1,3
DA:3,3
DA:27,3
LF:3
LH:3
BRF:0
BRH:0
end_of_record
TN:
SF:routes\authRoutes.js
FN:27,(anonymous_0)
FN:38,(anonymous_1)
FN:49,(anonymous_2)
FNF:3
FNH:3
FNDA:1,(anonymous_0)
FNDA:1,(anonymous_1)
FNDA:1,(anonymous_2)
DA:1,3
DA:2,3
DA:27,3
DA:28,1
DA:38,3
DA:39,1
DA:49,3
DA:50,1
DA:53,3
LF:9
LH:9
BRF:0
BRH:0
end_of_record
TN:
SF:routes\patientRoutes.js
FN:11,(anonymous_0)
FN:25,(anonymous_1)
FN:35,(anonymous_2)
FN:47,(anonymous_3)
FN:63,(anonymous_4)
FNF:5
FNH:5
FNDA:2,(anonymous_0)
FNDA:1,(anonymous_1)
FNDA:1,(anonymous_2)
FNDA:1,(anonymous_3)
FNDA:1,(anonymous_4)
DA:1,3
DA:2,3
DA:3,3
DA:11,3
DA:12,2
DA:13,2
DA:14,2
DA:16,2
DA:17,2
DA:18,2
DA:20,0
DA:25,3
DA:26,1
DA:27,1
DA:28,1
DA:30,0
DA:35,3
DA:36,1
DA:37,1
DA:38,1
DA:40,1
DA:42,0
DA:47,3
DA:48,1
DA:49,1
DA:54,1
DA:56,1
DA:58,0
DA:63,3
DA:64,1
DA:65,1
DA:66,1
DA:68,1
DA:70,0
DA:74,3
LF:35
LH:30
BRDA:38,0,0,0
BRDA:38,0,1,1
BRDA:54,1,0,0
BRDA:54,1,1,1
BRDA:66,2,0,0
BRDA:66,2,1,1
BRF:6
BRH:3
end_of_record
