TN:
SF:app.js
FNF:0
FNH:0
DA:1,3
DA:2,3
DA:3,3
DA:4,3
DA:5,3
DA:7,3
DA:8,3
DA:11,3
DA:32,3
DA:33,3
DA:36,3
DA:37,3
DA:39,3
LF:13
LH:13
BRDA:25,0,0,3
BRDA:25,0,1,0
BRF:2
BRH:1
end_of_record
TN:
SF:models\Patient.js
FNF:0
FNH:0
DA:1,3
DA:3,3
DA:18,3
LF:3
LH:3
BRF:0
BRH:0
end_of_record
TN:
SF:routes\authRoutes.js
FN:27,(anonymous_0)
FN:38,(anonymous_1)
FN:49,(anonymous_2)
FNF:3
FNH:3
FNDA:1,(anonymous_0)
FNDA:1,(anonymous_1)
FNDA:1,(anonymous_2)
DA:1,3
DA:2,3
DA:27,3
DA:28,1
DA:38,3
DA:39,1
DA:49,3
DA:50,1
DA:53,3
LF:9
LH:9
BRF:0
BRH:0
end_of_record
TN:
SF:routes\patientRoutes.js
FN:69,(anonymous_0)
FN:100,(anonymous_1)
FN:123,(anonymous_2)
FN:160,(anonymous_3)
FN:198,(anonymous_4)
FN:234,(anonymous_5)
FNF:6
FNH:5
FNDA:2,(anonymous_0)
FNDA:0,(anonymous_1)
FNDA:1,(anonymous_2)
FNDA:1,(anonymous_3)
FNDA:1,(anonymous_4)
FNDA:1,(anonymous_5)
DA:1,3
DA:2,3
DA:3,3
DA:69,3
DA:70,2
DA:71,2
DA:72,2
DA:74,2
DA:75,2
DA:76,2
DA:78,0
DA:100,3
DA:101,0
DA:103,0
DA:104,0
DA:105,0
DA:109,0
DA:110,0
DA:112,0
DA:113,0
DA:114,0
DA:116,0
DA:117,0
DA:123,3
DA:124,1
DA:125,1
DA:126,1
DA:128,0
DA:129,0
DA:160,3
DA:161,1
DA:162,1
DA:163,1
DA:165,1
DA:167,0
DA:198,3
DA:199,1
DA:200,1
DA:205,1
DA:207,1
DA:209,0
DA:234,3
DA:235,1
DA:236,1
DA:237,1
DA:239,1
DA:241,0
DA:245,3
LF:48
LH:31
BRDA:104,0,0,0
BRDA:104,0,1,0
BRDA:104,1,0,0
BRDA:104,1,1,0
BRDA:104,1,2,0
BRDA:104,1,3,0
BRDA:163,2,0,0
BRDA:163,2,1,1
BRDA:205,3,0,0
BRDA:205,3,1,1
BRDA:237,4,0,0
BRDA:237,4,1,1
BRF:12
BRH:3
end_of_record
